<?xml version="1.0" encoding="UTF-8"?>
<!-- Generated by org.testng.reporters.JUnitXMLReporter -->
<testsuite hostname="LMP2DSS3YMPZY2" ignored="0" name="Default test" tests="3" failures="0" timestamp="24 Dec 2020 10:50:34 GMT" time="58.123" errors="0">
  <testcase name="AddUser" time="3.617" classname="com.crm.qa.testcases.AddUserTest"/>
  <testcase name="AddUser" time="3.556" classname="com.crm.qa.testcases.AddUserTest"/>
  <testcase name="AddUser" time="3.558" classname="com.crm.qa.testcases.AddUserTest"/>
</testsuite> <!-- Default test -->
