<?xml version="1.0" encoding="UTF-8"?>
<!-- Generated by org.testng.reporters.JUnitXMLReporter -->
<testsuite hostname="LMP2DSS3YMPZY2" ignored="0" name="Test" tests="3" failures="0" timestamp="23 Dec 2020 07:32:34 GMT" time="31.958" errors="0">
  <testcase name="loginPageTitleTest" time="0.01" classname="com.crm.qa.testcases.LoginTest"/>
  <testcase name="HRMLogoTest" time="0.054" classname="com.crm.qa.testcases.LoginTest"/>
  <testcase name="LoginTest" time="1.564" classname="com.crm.qa.testcases.LoginTest"/>
</testsuite> <!-- Test -->
