<?xml version="1.0" encoding="UTF-8"?>
<!-- Generated by org.testng.reporters.JUnitXMLReporter -->
<testsuite hostname="LMP2DSS3YMPZY2" ignored="0" name="Orange HRM Test Cases" tests="11" failures="0" timestamp="24 Dec 2020 19:00:16 GMT" time="169.475" errors="0">
  <testcase name="AddUser" time="16.829" classname="com.crm.qa.testcases.AddUserTest"/>
  <testcase name="AddUser" time="2.597" classname="com.crm.qa.testcases.AddUserTest"/>
  <testcase name="AddUser" time="7.389" classname="com.crm.qa.testcases.AddUserTest"/>
  <testcase name="loginPageTitleTest" time="0.007" classname="com.crm.qa.testcases.LoginTest"/>
  <testcase name="verifyDashBoardTitlePage" time="1.573" classname="com.crm.qa.testcases.DashBoardPageTest"/>
  <testcase name="verifySystemUserLableTest" time="0.036" classname="com.crm.qa.testcases.SystemUserPageTest"/>
  <testcase name="HRMLogoTest" time="0.034" classname="com.crm.qa.testcases.LoginTest"/>
  <testcase name="verifyUserNameTest" time="0.222" classname="com.crm.qa.testcases.DashBoardPageTest"/>
  <testcase name="clickAddButtonTest" time="0.803" classname="com.crm.qa.testcases.SystemUserPageTest"/>
  <testcase name="LoginTest" time="2.632" classname="com.crm.qa.testcases.LoginTest"/>
  <testcase name="clickAdminModuleLinkTest" time="1.508" classname="com.crm.qa.testcases.DashBoardPageTest"/>
</testsuite> <!-- Orange HRM Test Cases -->
