<?xml version="1.0" encoding="UTF-8"?>
<testng-results skipped="0" failed="0" ignored="0" total="11" passed="11">
  <reporter-output>
  </reporter-output>
  <suite name="Orange HRM Automation Test Suits" duration-ms="169475" started-at="2020-12-24T18:57:27Z" finished-at="2020-12-24T19:00:16Z">
    <groups>
    </groups>
    <test name="Orange HRM Test Cases" duration-ms="169475" started-at="2020-12-24T18:57:27Z" finished-at="2020-12-24T19:00:16Z">
      <class name="com.crm.qa.testcases.AddUserTest">
        <test-method status="PASS" signature="Setup()[pri:0, instance:com.crm.qa.testcases.AddUserTest@4386f16]" name="Setup" is-config="true" duration-ms="15676" started-at="2020-12-25T00:27:27Z" finished-at="2020-12-25T00:27:43Z">
          <reporter-output>
          </reporter-output>
        </test-method> <!-- Setup -->
        <test-method status="PASS" signature="AddUser(java.lang.String, java.lang.String, java.lang.String, java.lang.String, java.lang.String)[pri:0, instance:com.crm.qa.testcases.AddUserTest@4386f16]" name="AddUser" duration-ms="16829" started-at="2020-12-25T00:27:43Z" data-provider="getHRMTestData" finished-at="2020-12-25T00:28:00Z">
          <params>
            <param index="0">
              <value>
                <![CDATA[Admin]]>
              </value>
            </param>
            <param index="1">
              <value>
                <![CDATA[Sawan]]>
              </value>
            </param>
            <param index="2">
              <value>
                <![CDATA[Kavita888]]>
              </value>
            </param>
            <param index="3">
              <value>
                <![CDATA[Enabled]]>
              </value>
            </param>
            <param index="4">
              <value>
                <![CDATA[December@2020]]>
              </value>
            </param>
          </params>
          <reporter-output>
          </reporter-output>
        </test-method> <!-- AddUser -->
        <test-method status="PASS" signature="teardown()[pri:0, instance:com.crm.qa.testcases.AddUserTest@4386f16]" name="teardown" is-config="true" duration-ms="787" started-at="2020-12-25T00:28:00Z" finished-at="2020-12-25T00:28:01Z">
          <reporter-output>
          </reporter-output>
        </test-method> <!-- teardown -->
        <test-method status="PASS" signature="Setup()[pri:0, instance:com.crm.qa.testcases.AddUserTest@4386f16]" name="Setup" is-config="true" duration-ms="14784" started-at="2020-12-25T00:28:01Z" finished-at="2020-12-25T00:28:15Z">
          <reporter-output>
          </reporter-output>
        </test-method> <!-- Setup -->
        <test-method status="PASS" signature="AddUser(java.lang.String, java.lang.String, java.lang.String, java.lang.String, java.lang.String)[pri:0, instance:com.crm.qa.testcases.AddUserTest@4386f16]" name="AddUser" duration-ms="2597" started-at="2020-12-25T00:28:15Z" data-provider="getHRMTestData" finished-at="2020-12-25T00:28:18Z">
          <params>
            <param index="0">
              <value>
                <![CDATA[ESS]]>
              </value>
            </param>
            <param index="1">
              <value>
                <![CDATA[Asha]]>
              </value>
            </param>
            <param index="2">
              <value>
                <![CDATA[Kavita999]]>
              </value>
            </param>
            <param index="3">
              <value>
                <![CDATA[Enabled]]>
              </value>
            </param>
            <param index="4">
              <value>
                <![CDATA[Kavita@2020]]>
              </value>
            </param>
          </params>
          <reporter-output>
          </reporter-output>
        </test-method> <!-- AddUser -->
        <test-method status="PASS" signature="teardown()[pri:0, instance:com.crm.qa.testcases.AddUserTest@4386f16]" name="teardown" is-config="true" duration-ms="822" started-at="2020-12-25T00:28:18Z" finished-at="2020-12-25T00:28:19Z">
          <reporter-output>
          </reporter-output>
        </test-method> <!-- teardown -->
        <test-method status="PASS" signature="Setup()[pri:0, instance:com.crm.qa.testcases.AddUserTest@4386f16]" name="Setup" is-config="true" duration-ms="14135" started-at="2020-12-25T00:28:19Z" finished-at="2020-12-25T00:28:33Z">
          <reporter-output>
          </reporter-output>
        </test-method> <!-- Setup -->
        <test-method status="PASS" signature="AddUser(java.lang.String, java.lang.String, java.lang.String, java.lang.String, java.lang.String)[pri:0, instance:com.crm.qa.testcases.AddUserTest@4386f16]" name="AddUser" duration-ms="7389" started-at="2020-12-25T00:28:33Z" data-provider="getHRMTestData" finished-at="2020-12-25T00:28:40Z">
          <params>
            <param index="0">
              <value>
                <![CDATA[ESS]]>
              </value>
            </param>
            <param index="1">
              <value>
                <![CDATA[Hemchand]]>
              </value>
            </param>
            <param index="2">
              <value>
                <![CDATA[Hemchand888]]>
              </value>
            </param>
            <param index="3">
              <value>
                <![CDATA[Disabled]]>
              </value>
            </param>
            <param index="4">
              <value>
                <![CDATA[December@2020]]>
              </value>
            </param>
          </params>
          <reporter-output>
          </reporter-output>
        </test-method> <!-- AddUser -->
        <test-method status="PASS" signature="teardown()[pri:0, instance:com.crm.qa.testcases.AddUserTest@4386f16]" name="teardown" is-config="true" duration-ms="806" started-at="2020-12-25T00:28:40Z" finished-at="2020-12-25T00:28:41Z">
          <reporter-output>
          </reporter-output>
        </test-method> <!-- teardown -->
      </class> <!-- com.crm.qa.testcases.AddUserTest -->
      <class name="com.crm.qa.testcases.DashBoardPageTest">
        <test-method status="PASS" signature="setUp()[pri:0, instance:com.crm.qa.testcases.DashBoardPageTest@78e117e3]" name="setUp" is-config="true" duration-ms="9822" started-at="2020-12-25T00:28:50Z" finished-at="2020-12-25T00:29:00Z">
          <reporter-output>
          </reporter-output>
        </test-method> <!-- setUp -->
        <test-method status="PASS" signature="verifyDashBoardTitlePage()[pri:1, instance:com.crm.qa.testcases.DashBoardPageTest@78e117e3]" name="verifyDashBoardTitlePage" duration-ms="1573" started-at="2020-12-25T00:29:00Z" finished-at="2020-12-25T00:29:02Z">
          <reporter-output>
          </reporter-output>
        </test-method> <!-- verifyDashBoardTitlePage -->
        <test-method status="PASS" signature="teardown()[pri:0, instance:com.crm.qa.testcases.DashBoardPageTest@78e117e3]" name="teardown" is-config="true" duration-ms="785" started-at="2020-12-25T00:29:02Z" finished-at="2020-12-25T00:29:03Z">
          <reporter-output>
          </reporter-output>
        </test-method> <!-- teardown -->
        <test-method status="PASS" signature="setUp()[pri:0, instance:com.crm.qa.testcases.DashBoardPageTest@78e117e3]" name="setUp" is-config="true" duration-ms="10665" started-at="2020-12-25T00:29:25Z" finished-at="2020-12-25T00:29:36Z">
          <reporter-output>
          </reporter-output>
        </test-method> <!-- setUp -->
        <test-method status="PASS" signature="verifyUserNameTest()[pri:2, instance:com.crm.qa.testcases.DashBoardPageTest@78e117e3]" name="verifyUserNameTest" duration-ms="222" started-at="2020-12-25T00:29:36Z" finished-at="2020-12-25T00:29:36Z">
          <reporter-output>
          </reporter-output>
        </test-method> <!-- verifyUserNameTest -->
        <test-method status="PASS" signature="teardown()[pri:0, instance:com.crm.qa.testcases.DashBoardPageTest@78e117e3]" name="teardown" is-config="true" duration-ms="773" started-at="2020-12-25T00:29:36Z" finished-at="2020-12-25T00:29:37Z">
          <reporter-output>
          </reporter-output>
        </test-method> <!-- teardown -->
        <test-method status="PASS" signature="setUp()[pri:0, instance:com.crm.qa.testcases.DashBoardPageTest@78e117e3]" name="setUp" is-config="true" duration-ms="11885" started-at="2020-12-25T00:30:02Z" finished-at="2020-12-25T00:30:14Z">
          <reporter-output>
          </reporter-output>
        </test-method> <!-- setUp -->
        <test-method status="PASS" signature="clickAdminModuleLinkTest()[pri:3, instance:com.crm.qa.testcases.DashBoardPageTest@78e117e3]" name="clickAdminModuleLinkTest" duration-ms="1508" started-at="2020-12-25T00:30:14Z" finished-at="2020-12-25T00:30:16Z">
          <reporter-output>
          </reporter-output>
        </test-method> <!-- clickAdminModuleLinkTest -->
        <test-method status="PASS" signature="teardown()[pri:0, instance:com.crm.qa.testcases.DashBoardPageTest@78e117e3]" name="teardown" is-config="true" duration-ms="774" started-at="2020-12-25T00:30:16Z" finished-at="2020-12-25T00:30:16Z">
          <reporter-output>
          </reporter-output>
        </test-method> <!-- teardown -->
      </class> <!-- com.crm.qa.testcases.DashBoardPageTest -->
      <class name="com.crm.qa.testcases.SystemUserPageTest">
        <test-method status="PASS" signature="setup()[pri:0, instance:com.crm.qa.testcases.SystemUserPageTest@2ea227af]" name="setup" is-config="true" duration-ms="12798" started-at="2020-12-25T00:29:03Z" finished-at="2020-12-25T00:29:15Z">
          <reporter-output>
          </reporter-output>
        </test-method> <!-- setup -->
        <test-method status="PASS" signature="verifySystemUserLableTest()[pri:1, instance:com.crm.qa.testcases.SystemUserPageTest@2ea227af]" name="verifySystemUserLableTest" duration-ms="36" started-at="2020-12-25T00:29:15Z" finished-at="2020-12-25T00:29:15Z">
          <reporter-output>
          </reporter-output>
        </test-method> <!-- verifySystemUserLableTest -->
        <test-method status="PASS" signature="teardown()[pri:0, instance:com.crm.qa.testcases.SystemUserPageTest@2ea227af]" name="teardown" is-config="true" duration-ms="804" started-at="2020-12-25T00:29:15Z" finished-at="2020-12-25T00:29:16Z">
          <reporter-output>
          </reporter-output>
        </test-method> <!-- teardown -->
        <test-method status="PASS" signature="setup()[pri:0, instance:com.crm.qa.testcases.SystemUserPageTest@2ea227af]" name="setup" is-config="true" duration-ms="13316" started-at="2020-12-25T00:29:37Z" finished-at="2020-12-25T00:29:50Z">
          <reporter-output>
          </reporter-output>
        </test-method> <!-- setup -->
        <test-method status="PASS" signature="clickAddButtonTest()[pri:2, instance:com.crm.qa.testcases.SystemUserPageTest@2ea227af]" name="clickAddButtonTest" duration-ms="803" started-at="2020-12-25T00:29:50Z" finished-at="2020-12-25T00:29:51Z">
          <reporter-output>
          </reporter-output>
        </test-method> <!-- clickAddButtonTest -->
        <test-method status="PASS" signature="teardown()[pri:0, instance:com.crm.qa.testcases.SystemUserPageTest@2ea227af]" name="teardown" is-config="true" duration-ms="782" started-at="2020-12-25T00:29:51Z" finished-at="2020-12-25T00:29:51Z">
          <reporter-output>
          </reporter-output>
        </test-method> <!-- teardown -->
      </class> <!-- com.crm.qa.testcases.SystemUserPageTest -->
      <class name="com.crm.qa.testcases.LoginTest">
        <test-method status="PASS" signature="TestBase()[pri:0, instance:com.crm.qa.testcases.LoginTest@1534f01b]" name="TestBase" is-config="true" duration-ms="8274" started-at="2020-12-25T00:28:41Z" finished-at="2020-12-25T00:28:49Z">
          <reporter-output>
          </reporter-output>
        </test-method> <!-- TestBase -->
        <test-method status="PASS" signature="loginPageTitleTest()[pri:1, instance:com.crm.qa.testcases.LoginTest@1534f01b]" name="loginPageTitleTest" duration-ms="7" started-at="2020-12-25T00:28:49Z" finished-at="2020-12-25T00:28:50Z">
          <reporter-output>
          </reporter-output>
        </test-method> <!-- loginPageTitleTest -->
        <test-method status="PASS" signature="teardown()[pri:0, instance:com.crm.qa.testcases.LoginTest@1534f01b]" name="teardown" is-config="true" duration-ms="834" started-at="2020-12-25T00:28:50Z" finished-at="2020-12-25T00:28:50Z">
          <reporter-output>
          </reporter-output>
        </test-method> <!-- teardown -->
        <test-method status="PASS" signature="TestBase()[pri:0, instance:com.crm.qa.testcases.LoginTest@1534f01b]" name="TestBase" is-config="true" duration-ms="7941" started-at="2020-12-25T00:29:16Z" finished-at="2020-12-25T00:29:24Z">
          <reporter-output>
          </reporter-output>
        </test-method> <!-- TestBase -->
        <test-method status="PASS" signature="HRMLogoTest()[pri:2, instance:com.crm.qa.testcases.LoginTest@1534f01b]" name="HRMLogoTest" duration-ms="34" started-at="2020-12-25T00:29:24Z" finished-at="2020-12-25T00:29:24Z">
          <reporter-output>
          </reporter-output>
        </test-method> <!-- HRMLogoTest -->
        <test-method status="PASS" signature="teardown()[pri:0, instance:com.crm.qa.testcases.LoginTest@1534f01b]" name="teardown" is-config="true" duration-ms="714" started-at="2020-12-25T00:29:24Z" finished-at="2020-12-25T00:29:25Z">
          <reporter-output>
          </reporter-output>
        </test-method> <!-- teardown -->
        <test-method status="PASS" signature="TestBase()[pri:0, instance:com.crm.qa.testcases.LoginTest@1534f01b]" name="TestBase" is-config="true" duration-ms="7352" started-at="2020-12-25T00:29:51Z" finished-at="2020-12-25T00:29:59Z">
          <reporter-output>
          </reporter-output>
        </test-method> <!-- TestBase -->
        <test-method status="PASS" signature="LoginTest()[pri:3, instance:com.crm.qa.testcases.LoginTest@1534f01b]" name="LoginTest" duration-ms="2632" started-at="2020-12-25T00:29:59Z" finished-at="2020-12-25T00:30:01Z">
          <reporter-output>
          </reporter-output>
        </test-method> <!-- LoginTest -->
        <test-method status="PASS" signature="teardown()[pri:0, instance:com.crm.qa.testcases.LoginTest@1534f01b]" name="teardown" is-config="true" duration-ms="746" started-at="2020-12-25T00:30:01Z" finished-at="2020-12-25T00:30:02Z">
          <reporter-output>
          </reporter-output>
        </test-method> <!-- teardown -->
      </class> <!-- com.crm.qa.testcases.LoginTest -->
    </test> <!-- Orange HRM Test Cases -->
  </suite> <!-- Orange HRM Automation Test Suits -->
</testng-results>
